<?xml version="1.0" encoding="UTF-8"?>
<testsuite xmlns:xsi="http://www.w3.org/2001/XMLSchema-instance" xsi:noNamespaceSchemaLocation="https://maven.apache.org/surefire/maven-surefire-plugin/xsd/surefire-test-report-3.0.xsd" version="3.0" name="pruebasExamen" time="0.076" tests="5" errors="0" skipped="0" failures="0">
  <properties>
[...]
</properties>
  <testcase name="testCamino1" classname="pruebasExamen" time="0.038">
    <system-out><![CDATA[Pruebas de los caminos EXAMEN
No se puede ingresar una cantidad negativa ni de 0€
]]></system-out>
  </testcase>
  <testcase name="testCamino2" classname="pruebasExamen" time="0.002">
    <system-out><![CDATA[No se puede ingresar una cantidad negativa ni de 0€
]]></system-out>
  </testcase>
  <testcase name="testCamino3" classname="pruebasExamen" time="0.003">
    <system-out><![CDATA[Le recordamos que estamos obligados a notificar a Hacienda dicho ingreso (superior o igual a 3000€)
]]></system-out>
  </testcase>
  <testcase name="testCamino4" classname="pruebasExamen" time="0.001">
    <system-out><![CDATA[No se puede ingresar una cantidad superior a 3000€ ni  (sin ser notificada con formulario)
]]></system-out>
  </testcase>
  <testcase name="testCamino5" classname="pruebasExamen" time="0.002"/>
</testsuite>